<?xml version="1.0" encoding="UTF-8"?>
<!-- Generated by org.testng.reporters.JUnitReportReporter -->
<testsuite skipped="0" hostname="zalena" name="com.techfios.qa.testcase.AddNewServiceTest" tests="4" failures="0" timestamp="12 Jan 2019 22:18:41 GMT" time="42.026" errors="0">
  <testcase name="newservice" time="10.065" classname="com.techfios.qa.testcase.AddNewServiceTest"/>
  <testcase name="newservice" time="9.368" classname="com.techfios.qa.testcase.AddNewServiceTest"/>
  <testcase name="newservice" time="13.005" classname="com.techfios.qa.testcase.AddNewServiceTest"/>
  <testcase name="newservice" time="9.588" classname="com.techfios.qa.testcase.AddNewServiceTest"/>
</testsuite> <!-- com.techfios.qa.testcase.AddNewServiceTest -->
