<?xml version="1.0" encoding="UTF-8"?>
<!-- Generated by org.testng.reporters.JUnitReportReporter -->
<testsuite skipped="0" hostname="zalena" name="com.techfios.qa.testcase.LoginTest" tests="3" failures="0" timestamp="13 Jan 2019 18:43:15 GMT" time="63.778" errors="0">
  <testcase name="loginPageTitle" time="13.556" classname="com.techfios.qa.testcase.LoginTest"/>
  <testcase name="loginpageOpened" time="25.902" classname="com.techfios.qa.testcase.LoginTest"/>
  <testcase name="filloutloginField" time="24.320" classname="com.techfios.qa.testcase.LoginTest"/>
</testsuite> <!-- com.techfios.qa.testcase.LoginTest -->
